<?xml version="1.0" encoding="UTF-8"?>
<!-- Generated by org.testng.reporters.JUnitReportReporter -->
<testsuite hostname="Nandini" failures="0" tests="1" name="testCases.TC_001_SignUpTest" time="10.109" errors="0" timestamp="2025-04-18T12:08:39 IST" skipped="0">
  <testcase classname="testCases.TC_001_SignUpTest" name="VerifySignUp" time="10.109"/>
</testsuite> <!-- testCases.TC_001_SignUpTest -->
