<?xml version="1.0" encoding="UTF-8"?>
<!-- Generated by org.testng.reporters.JUnitReportReporter -->
<testsuite hostname="Nandini" failures="0" tests="1" name="testCases.TC_002_VerifyLogin" time="0.030" errors="0" timestamp="2025-04-18T16:03:06 IST" skipped="0">
  <testcase classname="testCases.TC_002_VerifyLogin" name="VerifyLogin" time="0.030"/>
</testsuite> <!-- testCases.TC_002_VerifyLogin -->
