<?xml version="1.0" encoding="UTF-8"?>
<!-- Generated by org.testng.reporters.JUnitReportReporter -->
<testsuite hostname="Nandini" failures="0" tests="1" name="testCases.TC_002_LoginTest" time="4.008" errors="0" timestamp="2025-06-16T17:41:09 IST" skipped="0">
  <testcase classname="testCases.TC_002_LoginTest" name="verify_Login" time="4.008"/>
</testsuite> <!-- testCases.TC_002_LoginTest -->
